<?xml version="1.0" encoding="UTF-8"?>
<!-- Generated by org.testng.reporters.JUnitXMLReporter -->
<testsuite hostname="Rizwan" ignored="0" name="Test" tests="1" failures="0" timestamp="22 Oct 2017 06:10:11 GMT" time="0.076" errors="0">
  <testcase name="@BeforeTest setup" time="0.0" classname="parellelExecutionTest.ParellelTest">
    <failure type="org.testng.TestNGException" message="
Parameter &amp;apos;Browser&amp;apos; is required by BeforeTest on method setup but has not been marked @Optional or defined
in E:\Eclipse Workspace\TestNGTest\src\parellelExecutionTest\ParallelExecution.xml">
      <![CDATA[org.testng.TestNGException: 
Parameter 'Browser' is required by BeforeTest on method setup but has not been marked @Optional or defined
in E:\Eclipse Workspace\TestNGTest\src\parellelExecutionTest\ParallelExecution.xml
... Removed 21 stack frames]]>
    </failure>
  </testcase> <!-- @BeforeTest setup -->
  <testcase name="bing" time="0.0" classname="parellelExecutionTest.ParellelTest">
    <skipped/>
  </testcase> <!-- bing -->
</testsuite> <!-- Test -->
